mode: atomic
github.com/go-xiaohei/pugo/app/model/archive.go:16.37,18.2 1 1
github.com/go-xiaohei/pugo/app/model/archive.go:21.43,23.2 1 1
github.com/go-xiaohei/pugo/app/model/archive.go:26.41,31.26 3 1
github.com/go-xiaohei/pugo/app/model/archive.go:50.2,53.3 1 1
github.com/go-xiaohei/pugo/app/model/archive.go:31.26,32.25 1 4
github.com/go-xiaohei/pugo/app/model/archive.go:39.3,41.37 3 3
github.com/go-xiaohei/pugo/app/model/archive.go:45.3,48.5 1 2
github.com/go-xiaohei/pugo/app/model/archive.go:32.25,37.12 2 1
github.com/go-xiaohei/pugo/app/model/archive.go:41.37,43.12 2 1
github.com/go-xiaohei/pugo/app/model/author.go:31.36,32.18 1 10
github.com/go-xiaohei/pugo/app/model/author.go:35.2,35.18 1 8
github.com/go-xiaohei/pugo/app/model/author.go:38.2,38.37 1 8
github.com/go-xiaohei/pugo/app/model/author.go:41.2,41.12 1 8
github.com/go-xiaohei/pugo/app/model/author.go:32.18,34.3 1 2
github.com/go-xiaohei/pugo/app/model/author.go:35.18,37.3 1 8
github.com/go-xiaohei/pugo/app/model/author.go:38.37,40.3 1 4
github.com/go-xiaohei/pugo/app/model/author.go:44.41,45.18 1 5
github.com/go-xiaohei/pugo/app/model/author.go:48.2,49.23 2 4
github.com/go-xiaohei/pugo/app/model/author.go:54.2,54.12 1 3
github.com/go-xiaohei/pugo/app/model/author.go:45.18,47.3 1 1
github.com/go-xiaohei/pugo/app/model/author.go:49.23,50.39 1 7
github.com/go-xiaohei/pugo/app/model/author.go:50.39,52.4 1 1
github.com/go-xiaohei/pugo/app/model/author.go:57.69,66.2 2 2
github.com/go-xiaohei/pugo/app/model/page.go:48.33,50.2 1 0
github.com/go-xiaohei/pugo/app/model/page.go:53.29,55.2 1 1
github.com/go-xiaohei/pugo/app/model/page.go:58.35,60.2 1 0
github.com/go-xiaohei/pugo/app/model/page.go:63.44,65.2 1 0
github.com/go-xiaohei/pugo/app/model/page.go:68.33,70.2 1 6
github.com/go-xiaohei/pugo/app/model/page.go:73.35,75.2 1 0
github.com/go-xiaohei/pugo/app/model/page.go:78.39,80.2 1 0
github.com/go-xiaohei/pugo/app/model/page.go:83.63,85.2 1 0
github.com/go-xiaohei/pugo/app/model/page.go:88.36,90.2 1 2
github.com/go-xiaohei/pugo/app/model/page.go:93.36,95.2 1 1
github.com/go-xiaohei/pugo/app/model/page.go:98.33,100.2 1 2
github.com/go-xiaohei/pugo/app/model/page.go:102.34,103.22 1 6
github.com/go-xiaohei/pugo/app/model/page.go:106.2,107.18 2 6
github.com/go-xiaohei/pugo/app/model/page.go:112.2,112.20 1 6
github.com/go-xiaohei/pugo/app/model/page.go:120.2,122.55 3 6
github.com/go-xiaohei/pugo/app/model/page.go:125.2,126.12 2 6
github.com/go-xiaohei/pugo/app/model/page.go:103.22,105.3 1 6
github.com/go-xiaohei/pugo/app/model/page.go:107.18,108.60 1 5
github.com/go-xiaohei/pugo/app/model/page.go:108.60,110.4 1 0
github.com/go-xiaohei/pugo/app/model/page.go:112.20,115.3 2 1
github.com/go-xiaohei/pugo/app/model/page.go:115.3,116.64 1 5
github.com/go-xiaohei/pugo/app/model/page.go:116.64,118.4 1 0
github.com/go-xiaohei/pugo/app/model/page.go:122.55,124.3 1 4
github.com/go-xiaohei/pugo/app/model/page.go:130.70,132.38 1 8
github.com/go-xiaohei/pugo/app/model/page.go:135.2,136.16 2 8
github.com/go-xiaohei/pugo/app/model/page.go:139.2,139.24 1 8
github.com/go-xiaohei/pugo/app/model/page.go:142.2,142.17 1 7
github.com/go-xiaohei/pugo/app/model/page.go:179.2,180.21 2 5
github.com/go-xiaohei/pugo/app/model/page.go:183.2,183.43 1 5
github.com/go-xiaohei/pugo/app/model/page.go:187.2,187.31 1 5
github.com/go-xiaohei/pugo/app/model/page.go:132.38,134.3 1 0
github.com/go-xiaohei/pugo/app/model/page.go:136.16,138.3 1 0
github.com/go-xiaohei/pugo/app/model/page.go:139.24,141.3 1 1
github.com/go-xiaohei/pugo/app/model/page.go:142.17,144.26 2 5
github.com/go-xiaohei/pugo/app/model/page.go:148.3,149.15 2 4
github.com/go-xiaohei/pugo/app/model/page.go:153.3,154.22 2 4
github.com/go-xiaohei/pugo/app/model/page.go:158.3,159.31 2 3
github.com/go-xiaohei/pugo/app/model/page.go:164.3,164.30 1 3
github.com/go-xiaohei/pugo/app/model/page.go:173.3,173.25 1 3
github.com/go-xiaohei/pugo/app/model/page.go:144.26,146.4 1 1
github.com/go-xiaohei/pugo/app/model/page.go:149.15,151.4 1 0
github.com/go-xiaohei/pugo/app/model/page.go:154.22,156.4 1 1
github.com/go-xiaohei/pugo/app/model/page.go:159.31,160.66 1 2
github.com/go-xiaohei/pugo/app/model/page.go:160.66,162.5 1 0
github.com/go-xiaohei/pugo/app/model/page.go:164.30,166.18 2 1
github.com/go-xiaohei/pugo/app/model/page.go:169.4,169.79 1 1
github.com/go-xiaohei/pugo/app/model/page.go:166.18,168.5 1 0
github.com/go-xiaohei/pugo/app/model/page.go:169.79,171.5 1 0
github.com/go-xiaohei/pugo/app/model/page.go:173.25,175.4 1 2
github.com/go-xiaohei/pugo/app/model/page.go:176.3,178.3 1 2
github.com/go-xiaohei/pugo/app/model/page.go:180.21,182.3 1 3
github.com/go-xiaohei/pugo/app/model/page.go:183.43,186.3 2 1
github.com/go-xiaohei/pugo/app/model/page.go:191.43,192.22 1 0
github.com/go-xiaohei/pugo/app/model/page.go:195.2,196.23 2 0
github.com/go-xiaohei/pugo/app/model/page.go:199.2,200.16 2 0
github.com/go-xiaohei/pugo/app/model/page.go:203.2,204.12 2 0
github.com/go-xiaohei/pugo/app/model/page.go:192.22,194.3 1 0
github.com/go-xiaohei/pugo/app/model/page.go:196.23,198.3 1 0
github.com/go-xiaohei/pugo/app/model/page.go:200.16,202.3 1 0
github.com/go-xiaohei/pugo/app/model/page.go:211.42,212.25 1 0
github.com/go-xiaohei/pugo/app/model/page.go:217.2,217.12 1 0
github.com/go-xiaohei/pugo/app/model/page.go:212.25,213.24 1 0
github.com/go-xiaohei/pugo/app/model/page.go:213.24,215.4 1 0
github.com/go-xiaohei/pugo/app/model/format.go:17.46,22.2 1 3
github.com/go-xiaohei/pugo/app/model/format.go:25.50,30.2 1 1
github.com/go-xiaohei/pugo/app/model/format.go:33.50,38.2 1 1
github.com/go-xiaohei/pugo/app/model/format.go:41.51,46.2 1 1
github.com/go-xiaohei/pugo/app/model/format.go:49.52,54.2 1 1
github.com/go-xiaohei/pugo/app/model/format.go:56.42,58.37 2 9
github.com/go-xiaohei/pugo/app/model/format.go:61.2,61.35 1 5
github.com/go-xiaohei/pugo/app/model/format.go:64.2,64.10 1 2
github.com/go-xiaohei/pugo/app/model/format.go:58.37,60.3 1 4
github.com/go-xiaohei/pugo/app/model/format.go:61.35,63.3 1 3
github.com/go-xiaohei/pugo/app/model/nav.go:33.44,35.2 1 1
github.com/go-xiaohei/pugo/app/model/nav.go:38.48,39.16 1 2
github.com/go-xiaohei/pugo/app/model/nav.go:42.2,42.18 1 1
github.com/go-xiaohei/pugo/app/model/nav.go:45.2,45.43 1 1
github.com/go-xiaohei/pugo/app/model/nav.go:39.16,41.3 1 1
github.com/go-xiaohei/pugo/app/model/nav.go:42.18,44.3 1 0
github.com/go-xiaohei/pugo/app/model/nav.go:50.49,51.18 1 0
github.com/go-xiaohei/pugo/app/model/nav.go:54.2,54.33 1 0
github.com/go-xiaohei/pugo/app/model/nav.go:51.18,53.3 1 0
github.com/go-xiaohei/pugo/app/model/nav.go:58.45,59.23 1 1
github.com/go-xiaohei/pugo/app/model/nav.go:59.23,60.17 1 4
github.com/go-xiaohei/pugo/app/model/nav.go:63.3,63.37 1 3
github.com/go-xiaohei/pugo/app/model/nav.go:60.17,61.12 1 1
github.com/go-xiaohei/pugo/app/model/nav.go:67.38,68.23 1 4
github.com/go-xiaohei/pugo/app/model/nav.go:80.2,80.12 1 3
github.com/go-xiaohei/pugo/app/model/nav.go:68.23,69.36 1 12
github.com/go-xiaohei/pugo/app/model/nav.go:72.3,72.58 1 11
github.com/go-xiaohei/pugo/app/model/nav.go:75.3,75.19 1 11
github.com/go-xiaohei/pugo/app/model/nav.go:78.3,78.26 1 11
github.com/go-xiaohei/pugo/app/model/nav.go:69.36,71.4 1 1
github.com/go-xiaohei/pugo/app/model/nav.go:72.58,74.4 1 2
github.com/go-xiaohei/pugo/app/model/nav.go:75.19,77.4 1 1
github.com/go-xiaohei/pugo/app/model/meta.go:44.67,46.16 2 4
github.com/go-xiaohei/pugo/app/model/meta.go:59.2,59.30 1 1
github.com/go-xiaohei/pugo/app/model/meta.go:47.2,49.51 2 2
github.com/go-xiaohei/pugo/app/model/meta.go:52.3,52.41 1 2
github.com/go-xiaohei/pugo/app/model/meta.go:55.3,55.19 1 2
github.com/go-xiaohei/pugo/app/model/meta.go:56.2,57.33 1 1
github.com/go-xiaohei/pugo/app/model/meta.go:49.51,51.4 1 0
github.com/go-xiaohei/pugo/app/model/meta.go:52.41,54.4 1 0
github.com/go-xiaohei/pugo/app/model/meta.go:62.55,64.16 2 1
github.com/go-xiaohei/pugo/app/model/meta.go:67.2,72.43 4 1
github.com/go-xiaohei/pugo/app/model/meta.go:75.2,83.28 4 1
github.com/go-xiaohei/pugo/app/model/meta.go:94.2,99.31 4 1
github.com/go-xiaohei/pugo/app/model/meta.go:110.2,114.61 3 1
github.com/go-xiaohei/pugo/app/model/meta.go:117.2,118.63 2 1
github.com/go-xiaohei/pugo/app/model/meta.go:121.2,122.61 2 1
github.com/go-xiaohei/pugo/app/model/meta.go:125.2,129.43 4 1
github.com/go-xiaohei/pugo/app/model/meta.go:132.2,132.21 1 1
github.com/go-xiaohei/pugo/app/model/meta.go:64.16,66.3 1 0
github.com/go-xiaohei/pugo/app/model/meta.go:72.43,74.3 1 0
github.com/go-xiaohei/pugo/app/model/meta.go:83.28,86.63 3 4
github.com/go-xiaohei/pugo/app/model/meta.go:89.3,89.40 1 4
github.com/go-xiaohei/pugo/app/model/meta.go:92.3,92.35 1 3
github.com/go-xiaohei/pugo/app/model/meta.go:86.63,88.4 1 0
github.com/go-xiaohei/pugo/app/model/meta.go:89.40,90.12 1 1
github.com/go-xiaohei/pugo/app/model/meta.go:99.31,102.66 3 2
github.com/go-xiaohei/pugo/app/model/meta.go:105.3,105.24 1 2
github.com/go-xiaohei/pugo/app/model/meta.go:108.3,108.44 1 2
github.com/go-xiaohei/pugo/app/model/meta.go:102.66,104.4 1 0
github.com/go-xiaohei/pugo/app/model/meta.go:105.24,106.12 1 0
github.com/go-xiaohei/pugo/app/model/meta.go:114.61,116.3 1 0
github.com/go-xiaohei/pugo/app/model/meta.go:118.63,120.3 1 0
github.com/go-xiaohei/pugo/app/model/meta.go:122.61,124.3 1 0
github.com/go-xiaohei/pugo/app/model/meta.go:129.43,131.3 1 0
github.com/go-xiaohei/pugo/app/model/meta.go:136.46,140.2 3 1
github.com/go-xiaohei/pugo/app/model/meta.go:142.34,143.55 1 5
github.com/go-xiaohei/pugo/app/model/meta.go:146.2,146.36 1 4
github.com/go-xiaohei/pugo/app/model/meta.go:149.2,150.16 2 4
github.com/go-xiaohei/pugo/app/model/meta.go:153.2,153.20 1 4
github.com/go-xiaohei/pugo/app/model/meta.go:156.2,158.18 2 4
github.com/go-xiaohei/pugo/app/model/meta.go:161.2,161.21 1 4
github.com/go-xiaohei/pugo/app/model/meta.go:164.2,164.12 1 4
github.com/go-xiaohei/pugo/app/model/meta.go:143.55,145.3 1 1
github.com/go-xiaohei/pugo/app/model/meta.go:146.36,148.3 1 1
github.com/go-xiaohei/pugo/app/model/meta.go:150.16,152.3 1 0
github.com/go-xiaohei/pugo/app/model/meta.go:153.20,155.3 1 1
github.com/go-xiaohei/pugo/app/model/meta.go:158.18,160.3 1 2
github.com/go-xiaohei/pugo/app/model/meta.go:161.21,163.3 1 2
github.com/go-xiaohei/pugo/app/model/meta.go:169.38,171.43 2 3
github.com/go-xiaohei/pugo/app/model/meta.go:174.2,174.47 1 3
github.com/go-xiaohei/pugo/app/model/meta.go:177.2,177.50 1 3
github.com/go-xiaohei/pugo/app/model/meta.go:180.2,180.12 1 3
github.com/go-xiaohei/pugo/app/model/meta.go:171.43,173.3 1 0
github.com/go-xiaohei/pugo/app/model/meta.go:174.47,176.3 1 0
github.com/go-xiaohei/pugo/app/model/meta.go:177.50,179.3 1 0
github.com/go-xiaohei/pugo/app/model/page_json.go:12.33,18.2 2 1
github.com/go-xiaohei/pugo/app/model/page_json.go:21.48,25.2 1 11
github.com/go-xiaohei/pugo/app/model/page_json.go:28.42,30.37 2 2
github.com/go-xiaohei/pugo/app/model/page_json.go:35.2,35.31 1 2
github.com/go-xiaohei/pugo/app/model/page_json.go:30.37,32.3 1 0
github.com/go-xiaohei/pugo/app/model/page_json.go:32.3,34.3 1 2
github.com/go-xiaohei/pugo/app/model/page_json.go:39.46,40.37 1 6
github.com/go-xiaohei/pugo/app/model/page_json.go:43.2,44.19 2 2
github.com/go-xiaohei/pugo/app/model/page_json.go:47.2,47.21 1 1
github.com/go-xiaohei/pugo/app/model/page_json.go:40.37,42.3 1 4
github.com/go-xiaohei/pugo/app/model/page_json.go:44.19,46.3 1 1
github.com/go-xiaohei/pugo/app/model/page_json.go:51.44,52.37 1 6
github.com/go-xiaohei/pugo/app/model/page_json.go:55.2,56.19 2 6
github.com/go-xiaohei/pugo/app/model/page_json.go:59.2,59.18 1 5
github.com/go-xiaohei/pugo/app/model/page_json.go:52.37,54.3 1 0
github.com/go-xiaohei/pugo/app/model/page_json.go:56.19,58.3 1 1
github.com/go-xiaohei/pugo/app/model/page_json.go:63.44,65.2 1 1
github.com/go-xiaohei/pugo/app/model/page_json.go:68.44,70.2 1 1
github.com/go-xiaohei/pugo/app/model/page_json.go:73.42,75.2 1 1
github.com/go-xiaohei/pugo/app/model/page_json.go:78.40,80.2 1 2
github.com/go-xiaohei/pugo/app/model/page_json.go:83.48,84.37 1 4
github.com/go-xiaohei/pugo/app/model/page_json.go:87.2,88.19 2 4
github.com/go-xiaohei/pugo/app/model/page_json.go:91.2,91.20 1 3
github.com/go-xiaohei/pugo/app/model/page_json.go:84.37,86.3 1 0
github.com/go-xiaohei/pugo/app/model/page_json.go:88.19,90.3 1 1
github.com/go-xiaohei/pugo/app/model/page_json.go:95.48,97.2 1 1
github.com/go-xiaohei/pugo/app/model/page_json.go:100.46,102.2 1 2
github.com/go-xiaohei/pugo/app/model/page_json.go:105.42,106.37 1 2
github.com/go-xiaohei/pugo/app/model/page_json.go:109.2,110.19 2 2
github.com/go-xiaohei/pugo/app/model/page_json.go:113.2,113.19 1 1
github.com/go-xiaohei/pugo/app/model/page_json.go:106.37,108.3 1 0
github.com/go-xiaohei/pugo/app/model/page_json.go:110.19,112.3 1 1
github.com/go-xiaohei/pugo/app/model/page_json.go:117.43,118.37 1 2
github.com/go-xiaohei/pugo/app/model/page_json.go:121.2,121.39 1 2
github.com/go-xiaohei/pugo/app/model/page_json.go:118.37,120.3 1 0
github.com/go-xiaohei/pugo/app/model/page_json.go:125.49,127.37 2 4
github.com/go-xiaohei/pugo/app/model/page_json.go:132.2,132.20 1 4
github.com/go-xiaohei/pugo/app/model/page_json.go:135.2,136.25 2 3
github.com/go-xiaohei/pugo/app/model/page_json.go:139.2,139.16 1 3
github.com/go-xiaohei/pugo/app/model/page_json.go:127.37,129.3 1 0
github.com/go-xiaohei/pugo/app/model/page_json.go:129.3,131.3 1 4
github.com/go-xiaohei/pugo/app/model/page_json.go:132.20,134.3 1 1
github.com/go-xiaohei/pugo/app/model/page_json.go:136.25,138.3 1 9
github.com/go-xiaohei/pugo/app/model/page_json.go:143.45,145.37 2 2
github.com/go-xiaohei/pugo/app/model/page_json.go:150.2,150.20 1 2
github.com/go-xiaohei/pugo/app/model/page_json.go:153.2,154.25 2 2
github.com/go-xiaohei/pugo/app/model/page_json.go:157.2,157.16 1 2
github.com/go-xiaohei/pugo/app/model/page_json.go:145.37,147.3 1 0
github.com/go-xiaohei/pugo/app/model/page_json.go:147.3,149.3 1 2
github.com/go-xiaohei/pugo/app/model/page_json.go:150.20,152.3 1 0
github.com/go-xiaohei/pugo/app/model/page_json.go:154.25,156.3 1 6
github.com/go-xiaohei/pugo/app/model/page_json.go:161.49,163.37 2 2
github.com/go-xiaohei/pugo/app/model/page_json.go:168.2,168.20 1 2
github.com/go-xiaohei/pugo/app/model/page_json.go:171.2,172.25 2 2
github.com/go-xiaohei/pugo/app/model/page_json.go:175.2,175.16 1 2
github.com/go-xiaohei/pugo/app/model/page_json.go:163.37,165.3 1 0
github.com/go-xiaohei/pugo/app/model/page_json.go:165.3,167.3 1 2
github.com/go-xiaohei/pugo/app/model/page_json.go:168.20,170.3 1 0
github.com/go-xiaohei/pugo/app/model/page_json.go:172.25,174.3 1 6
github.com/go-xiaohei/pugo/app/model/page_json.go:179.46,181.37 2 1
github.com/go-xiaohei/pugo/app/model/page_json.go:186.2,186.20 1 1
github.com/go-xiaohei/pugo/app/model/page_json.go:189.2,190.25 2 1
github.com/go-xiaohei/pugo/app/model/page_json.go:193.2,193.16 1 1
github.com/go-xiaohei/pugo/app/model/page_json.go:181.37,183.3 1 0
github.com/go-xiaohei/pugo/app/model/page_json.go:183.3,185.3 1 1
github.com/go-xiaohei/pugo/app/model/page_json.go:186.20,188.3 1 0
github.com/go-xiaohei/pugo/app/model/page_json.go:190.25,192.3 1 3
github.com/go-xiaohei/pugo/app/model/page_json.go:198.35,200.20 2 1
github.com/go-xiaohei/pugo/app/model/page_json.go:203.2,203.29 1 1
github.com/go-xiaohei/pugo/app/model/page_json.go:206.2,206.35 1 1
github.com/go-xiaohei/pugo/app/model/page_json.go:200.20,202.3 1 0
github.com/go-xiaohei/pugo/app/model/page_json.go:203.29,205.3 1 0
github.com/go-xiaohei/pugo/app/model/page_json.go:210.53,212.37 2 2
github.com/go-xiaohei/pugo/app/model/page_json.go:217.2,217.20 1 2
github.com/go-xiaohei/pugo/app/model/page_json.go:220.2,221.25 2 2
github.com/go-xiaohei/pugo/app/model/page_json.go:224.2,224.12 1 2
github.com/go-xiaohei/pugo/app/model/page_json.go:212.37,214.3 1 0
github.com/go-xiaohei/pugo/app/model/page_json.go:214.3,216.3 1 2
github.com/go-xiaohei/pugo/app/model/page_json.go:217.20,219.3 1 0
github.com/go-xiaohei/pugo/app/model/page_json.go:221.25,223.3 1 4
github.com/go-xiaohei/pugo/app/model/page_json.go:228.38,230.19 2 1
github.com/go-xiaohei/pugo/app/model/page_json.go:233.2,233.31 1 1
github.com/go-xiaohei/pugo/app/model/page_json.go:230.19,232.3 1 0
github.com/go-xiaohei/pugo/app/model/post.go:55.35,57.2 1 1
github.com/go-xiaohei/pugo/app/model/post.go:60.39,62.2 1 1
github.com/go-xiaohei/pugo/app/model/post.go:65.79,69.2 3 1
github.com/go-xiaohei/pugo/app/model/post.go:72.29,74.2 1 3
github.com/go-xiaohei/pugo/app/model/post.go:77.35,79.2 1 2
github.com/go-xiaohei/pugo/app/model/post.go:82.33,84.2 1 1
github.com/go-xiaohei/pugo/app/model/post.go:87.44,89.2 1 0
github.com/go-xiaohei/pugo/app/model/post.go:92.33,94.2 1 4
github.com/go-xiaohei/pugo/app/model/post.go:97.42,99.2 1 0
github.com/go-xiaohei/pugo/app/model/post.go:102.31,104.2 1 2
github.com/go-xiaohei/pugo/app/model/post.go:108.44,110.2 1 0
github.com/go-xiaohei/pugo/app/model/post.go:114.33,116.2 1 0
github.com/go-xiaohei/pugo/app/model/post.go:119.36,121.2 1 9
github.com/go-xiaohei/pugo/app/model/post.go:124.36,126.2 1 2
github.com/go-xiaohei/pugo/app/model/post.go:129.33,131.2 1 3
github.com/go-xiaohei/pugo/app/model/post.go:133.34,134.18 1 26
github.com/go-xiaohei/pugo/app/model/post.go:138.2,139.18 2 26
github.com/go-xiaohei/pugo/app/model/post.go:144.2,144.20 1 26
github.com/go-xiaohei/pugo/app/model/post.go:152.2,156.32 5 26
github.com/go-xiaohei/pugo/app/model/post.go:159.2,160.12 2 26
github.com/go-xiaohei/pugo/app/model/post.go:134.18,137.3 1 2
github.com/go-xiaohei/pugo/app/model/post.go:139.18,140.60 1 25
github.com/go-xiaohei/pugo/app/model/post.go:140.60,142.4 1 0
github.com/go-xiaohei/pugo/app/model/post.go:144.20,147.3 2 22
github.com/go-xiaohei/pugo/app/model/post.go:147.3,148.64 1 4
github.com/go-xiaohei/pugo/app/model/post.go:148.64,150.4 1 0
github.com/go-xiaohei/pugo/app/model/post.go:156.32,158.3 1 45
github.com/go-xiaohei/pugo/app/model/post.go:164.64,166.16 2 8
github.com/go-xiaohei/pugo/app/model/post.go:169.2,169.24 1 8
github.com/go-xiaohei/pugo/app/model/post.go:173.2,173.17 1 8
github.com/go-xiaohei/pugo/app/model/post.go:209.2,210.21 2 6
github.com/go-xiaohei/pugo/app/model/post.go:214.2,214.31 1 6
github.com/go-xiaohei/pugo/app/model/post.go:166.16,168.3 1 0
github.com/go-xiaohei/pugo/app/model/post.go:169.24,171.3 1 0
github.com/go-xiaohei/pugo/app/model/post.go:173.17,175.26 2 6
github.com/go-xiaohei/pugo/app/model/post.go:179.3,180.15 2 5
github.com/go-xiaohei/pugo/app/model/post.go:184.3,185.22 2 5
github.com/go-xiaohei/pugo/app/model/post.go:189.3,190.31 2 4
github.com/go-xiaohei/pugo/app/model/post.go:195.3,195.30 1 4
github.com/go-xiaohei/pugo/app/model/post.go:205.3,205.46 1 4
github.com/go-xiaohei/pugo/app/model/post.go:175.26,177.4 1 1
github.com/go-xiaohei/pugo/app/model/post.go:180.15,182.4 1 0
github.com/go-xiaohei/pugo/app/model/post.go:185.22,187.4 1 1
github.com/go-xiaohei/pugo/app/model/post.go:190.31,191.66 1 2
github.com/go-xiaohei/pugo/app/model/post.go:191.66,193.5 1 0
github.com/go-xiaohei/pugo/app/model/post.go:195.30,197.18 2 2
github.com/go-xiaohei/pugo/app/model/post.go:200.4,201.62 2 2
github.com/go-xiaohei/pugo/app/model/post.go:197.18,199.5 1 0
github.com/go-xiaohei/pugo/app/model/post.go:201.62,203.5 1 0
github.com/go-xiaohei/pugo/app/model/post.go:206.3,208.3 1 2
github.com/go-xiaohei/pugo/app/model/post.go:210.21,213.3 2 1
github.com/go-xiaohei/pugo/app/model/post.go:217.57,219.23 2 40
github.com/go-xiaohei/pugo/app/model/post.go:222.2,222.39 1 39
github.com/go-xiaohei/pugo/app/model/post.go:225.2,225.45 1 30
github.com/go-xiaohei/pugo/app/model/post.go:228.2,228.48 1 9
github.com/go-xiaohei/pugo/app/model/post.go:231.2,231.55 1 0
github.com/go-xiaohei/pugo/app/model/post.go:219.23,221.3 1 1
github.com/go-xiaohei/pugo/app/model/post.go:222.39,224.3 1 9
github.com/go-xiaohei/pugo/app/model/post.go:225.45,227.3 1 21
github.com/go-xiaohei/pugo/app/model/post.go:228.48,230.3 1 9
github.com/go-xiaohei/pugo/app/model/post.go:234.41,235.25 1 9
github.com/go-xiaohei/pugo/app/model/post.go:240.2,240.10 1 0
github.com/go-xiaohei/pugo/app/model/post.go:235.25,236.14 1 40
github.com/go-xiaohei/pugo/app/model/post.go:236.14,238.4 1 9
github.com/go-xiaohei/pugo/app/model/post.go:254.29,256.31 2 0
github.com/go-xiaohei/pugo/app/model/post.go:256.31,258.3 1 0
github.com/go-xiaohei/pugo/app/model/post.go:261.46,273.6 2 32
github.com/go-xiaohei/pugo/app/model/post.go:332.2,333.15 2 32
github.com/go-xiaohei/pugo/app/model/post.go:273.6,275.31 2 400
github.com/go-xiaohei/pugo/app/model/post.go:278.3,278.32 1 368
github.com/go-xiaohei/pugo/app/model/post.go:294.3,294.34 1 270
github.com/go-xiaohei/pugo/app/model/post.go:328.3,328.50 1 270
github.com/go-xiaohei/pugo/app/model/post.go:275.31,276.9 1 32
github.com/go-xiaohei/pugo/app/model/post.go:278.32,279.41 1 98
github.com/go-xiaohei/pugo/app/model/post.go:291.4,292.12 2 98
github.com/go-xiaohei/pugo/app/model/post.go:279.41,290.5 5 14
github.com/go-xiaohei/pugo/app/model/post.go:294.34,298.14 3 98
github.com/go-xiaohei/pugo/app/model/post.go:312.4,314.47 2 98
github.com/go-xiaohei/pugo/app/model/post.go:298.14,300.16 2 14
github.com/go-xiaohei/pugo/app/model/post.go:300.16,301.10 1 14
github.com/go-xiaohei/pugo/app/model/post.go:301.10,303.39 2 14
github.com/go-xiaohei/pugo/app/model/post.go:306.7,306.18 1 14
github.com/go-xiaohei/pugo/app/model/post.go:303.39,305.8 1 14
github.com/go-xiaohei/pugo/app/model/post.go:306.18,307.13 1 14
github.com/go-xiaohei/pugo/app/model/post.go:314.47,315.16 1 0
github.com/go-xiaohei/pugo/app/model/post.go:315.16,316.10 1 0
github.com/go-xiaohei/pugo/app/model/post.go:316.10,318.41 2 0
github.com/go-xiaohei/pugo/app/model/post.go:321.7,321.18 1 0
github.com/go-xiaohei/pugo/app/model/post.go:318.41,320.8 1 0
github.com/go-xiaohei/pugo/app/model/post.go:321.18,322.13 1 0
github.com/go-xiaohei/pugo/app/model/post.go:328.50,330.4 1 14
github.com/go-xiaohei/pugo/app/model/post.go:336.61,342.30 2 32
github.com/go-xiaohei/pugo/app/model/post.go:357.2,357.25 1 32
github.com/go-xiaohei/pugo/app/model/post.go:362.2,362.13 1 32
github.com/go-xiaohei/pugo/app/model/post.go:342.30,343.13 1 14
github.com/go-xiaohei/pugo/app/model/post.go:348.3,349.28 2 7
github.com/go-xiaohei/pugo/app/model/post.go:343.13,346.12 3 7
github.com/go-xiaohei/pugo/app/model/post.go:349.28,352.4 2 0
github.com/go-xiaohei/pugo/app/model/post.go:352.4,355.4 2 7
github.com/go-xiaohei/pugo/app/model/post.go:357.25,358.26 1 14
github.com/go-xiaohei/pugo/app/model/post.go:358.26,360.4 1 0
github.com/go-xiaohei/pugo/app/model/post.go:365.43,366.37 1 98
github.com/go-xiaohei/pugo/app/model/post.go:369.2,369.37 1 98
github.com/go-xiaohei/pugo/app/model/post.go:372.2,372.37 1 98
github.com/go-xiaohei/pugo/app/model/post.go:375.2,375.37 1 98
github.com/go-xiaohei/pugo/app/model/post.go:378.2,378.37 1 84
github.com/go-xiaohei/pugo/app/model/post.go:381.2,381.37 1 84
github.com/go-xiaohei/pugo/app/model/post.go:384.2,384.10 1 84
github.com/go-xiaohei/pugo/app/model/post.go:366.37,368.3 1 0
github.com/go-xiaohei/pugo/app/model/post.go:369.37,371.3 1 0
github.com/go-xiaohei/pugo/app/model/post.go:372.37,374.3 1 0
github.com/go-xiaohei/pugo/app/model/post.go:375.37,377.3 1 14
github.com/go-xiaohei/pugo/app/model/post.go:378.37,380.3 1 0
github.com/go-xiaohei/pugo/app/model/post.go:381.37,383.3 1 0
github.com/go-xiaohei/pugo/app/model/posts.go:9.26,11.2 1 5
github.com/go-xiaohei/pugo/app/model/posts.go:13.36,15.2 1 10
github.com/go-xiaohei/pugo/app/model/posts.go:16.31,18.2 1 4
github.com/go-xiaohei/pugo/app/model/posts.go:21.34,22.16 1 2
github.com/go-xiaohei/pugo/app/model/posts.go:25.2,25.14 1 2
github.com/go-xiaohei/pugo/app/model/posts.go:22.16,24.3 1 1
github.com/go-xiaohei/pugo/app/model/posts.go:29.38,30.18 1 2
github.com/go-xiaohei/pugo/app/model/posts.go:33.2,33.19 1 1
github.com/go-xiaohei/pugo/app/model/posts.go:30.18,32.3 1 1
github.com/go-xiaohei/pugo/app/model/posts.go:44.44,46.2 1 1
github.com/go-xiaohei/pugo/app/model/posts.go:49.38,51.2 1 1
github.com/go-xiaohei/pugo/app/model/posts.go:62.46,64.2 1 2
github.com/go-xiaohei/pugo/app/model/posts.go:67.40,69.2 1 1
github.com/go-xiaohei/pugo/app/model/tag.go:12.31,18.2 2 45
github.com/go-xiaohei/pugo/app/model/tree.go:49.40,49.57 1 33
github.com/go-xiaohei/pugo/app/model/tree.go:50.40,50.72 1 58
github.com/go-xiaohei/pugo/app/model/tree.go:51.40,51.67 1 0
github.com/go-xiaohei/pugo/app/model/tree.go:54.33,63.2 1 1
github.com/go-xiaohei/pugo/app/model/tree.go:66.33,67.28 1 1
github.com/go-xiaohei/pugo/app/model/tree.go:70.2,72.28 3 1
github.com/go-xiaohei/pugo/app/model/tree.go:75.2,75.29 1 1
github.com/go-xiaohei/pugo/app/model/tree.go:67.28,69.3 1 0
github.com/go-xiaohei/pugo/app/model/tree.go:72.28,74.3 1 3
github.com/go-xiaohei/pugo/app/model/tree.go:79.35,81.2 1 0
github.com/go-xiaohei/pugo/app/model/tree.go:84.49,85.20 1 22
github.com/go-xiaohei/pugo/app/model/tree.go:88.2,88.37 1 16
github.com/go-xiaohei/pugo/app/model/tree.go:91.2,91.41 1 14
github.com/go-xiaohei/pugo/app/model/tree.go:94.2,94.12 1 0
github.com/go-xiaohei/pugo/app/model/tree.go:85.20,87.3 1 6
github.com/go-xiaohei/pugo/app/model/tree.go:88.37,90.3 1 2
github.com/go-xiaohei/pugo/app/model/tree.go:91.41,93.3 1 14
github.com/go-xiaohei/pugo/app/model/tree.go:98.45,100.24 2 1
github.com/go-xiaohei/pugo/app/model/tree.go:103.2,104.29 2 1
github.com/go-xiaohei/pugo/app/model/tree.go:109.2,109.13 1 1
github.com/go-xiaohei/pugo/app/model/tree.go:100.24,102.3 1 0
github.com/go-xiaohei/pugo/app/model/tree.go:104.29,105.24 1 5
github.com/go-xiaohei/pugo/app/model/tree.go:105.24,107.4 1 2
github.com/go-xiaohei/pugo/app/model/tree.go:113.46,115.24 2 1
github.com/go-xiaohei/pugo/app/model/tree.go:118.2,119.29 2 1
github.com/go-xiaohei/pugo/app/model/tree.go:124.2,125.14 2 1
github.com/go-xiaohei/pugo/app/model/tree.go:115.24,117.3 1 0
github.com/go-xiaohei/pugo/app/model/tree.go:119.29,120.29 1 5
github.com/go-xiaohei/pugo/app/model/tree.go:120.29,122.4 1 2
github.com/go-xiaohei/pugo/app/model/tree.go:130.44,131.37 1 47
github.com/go-xiaohei/pugo/app/model/tree.go:134.2,134.31 1 47
github.com/go-xiaohei/pugo/app/model/tree.go:137.2,137.31 1 47
github.com/go-xiaohei/pugo/app/model/tree.go:145.2,145.12 1 41
github.com/go-xiaohei/pugo/app/model/tree.go:131.37,133.3 1 0
github.com/go-xiaohei/pugo/app/model/tree.go:134.31,136.3 1 0
github.com/go-xiaohei/pugo/app/model/tree.go:137.31,138.32 1 46
github.com/go-xiaohei/pugo/app/model/tree.go:141.3,141.40 1 43
github.com/go-xiaohei/pugo/app/model/tree.go:138.32,140.4 1 3
github.com/go-xiaohei/pugo/app/model/tree.go:141.40,143.4 1 3
github.com/go-xiaohei/pugo/app/model/tree.go:149.46,151.24 2 1
github.com/go-xiaohei/pugo/app/model/tree.go:154.2,155.29 2 1
github.com/go-xiaohei/pugo/app/model/tree.go:160.2,161.14 2 1
github.com/go-xiaohei/pugo/app/model/tree.go:151.24,153.3 1 0
github.com/go-xiaohei/pugo/app/model/tree.go:155.29,156.25 1 5
github.com/go-xiaohei/pugo/app/model/tree.go:156.25,158.4 1 5
github.com/go-xiaohei/pugo/app/model/tree.go:165.46,167.24 2 1
github.com/go-xiaohei/pugo/app/model/tree.go:170.2,171.29 2 1
github.com/go-xiaohei/pugo/app/model/tree.go:176.2,176.14 1 1
github.com/go-xiaohei/pugo/app/model/tree.go:167.24,169.3 1 0
github.com/go-xiaohei/pugo/app/model/tree.go:171.29,172.25 1 2
github.com/go-xiaohei/pugo/app/model/tree.go:172.25,174.4 1 2
github.com/go-xiaohei/pugo/app/model/tree.go:180.31,182.2 1 0
github.com/go-xiaohei/pugo/app/model/tree.go:185.31,187.2 1 8
github.com/go-xiaohei/pugo/app/model/tree.go:191.34,193.15 2 2
github.com/go-xiaohei/pugo/app/model/tree.go:196.2,197.6 2 2
github.com/go-xiaohei/pugo/app/model/tree.go:204.2,204.12 1 2
github.com/go-xiaohei/pugo/app/model/tree.go:193.15,195.3 1 0
github.com/go-xiaohei/pugo/app/model/tree.go:197.6,199.16 2 6
github.com/go-xiaohei/pugo/app/model/tree.go:202.3,202.36 1 4
github.com/go-xiaohei/pugo/app/model/tree.go:199.16,200.9 1 2
github.com/go-xiaohei/pugo/app/model/tree.go:207.45,210.24 2 23
github.com/go-xiaohei/pugo/app/model/tree.go:213.2,213.45 1 23
github.com/go-xiaohei/pugo/app/model/tree.go:216.2,216.31 1 15
github.com/go-xiaohei/pugo/app/model/tree.go:226.2,226.12 1 0
github.com/go-xiaohei/pugo/app/model/tree.go:210.24,212.3 1 0
github.com/go-xiaohei/pugo/app/model/tree.go:213.45,215.3 1 8
github.com/go-xiaohei/pugo/app/model/tree.go:216.31,217.28 1 26
github.com/go-xiaohei/pugo/app/model/tree.go:217.28,218.26 1 15
github.com/go-xiaohei/pugo/app/model/tree.go:223.4,223.53 1 9
github.com/go-xiaohei/pugo/app/model/tree.go:218.26,219.36 1 14
github.com/go-xiaohei/pugo/app/model/tree.go:219.36,221.6 1 6
github.com/go-xiaohei/pugo/app/model/tree.go:230.37,232.31 2 20
github.com/go-xiaohei/pugo/app/model/tree.go:232.31,234.3 1 19
github.com/go-xiaohei/pugo/app/model/tree.go:238.57,242.24 4 31
github.com/go-xiaohei/pugo/app/model/tree.go:245.2,246.31 2 31
github.com/go-xiaohei/pugo/app/model/tree.go:267.2,267.13 1 31
github.com/go-xiaohei/pugo/app/model/tree.go:291.2,291.34 1 31
github.com/go-xiaohei/pugo/app/model/tree.go:242.24,244.3 1 0
github.com/go-xiaohei/pugo/app/model/tree.go:246.31,247.28 1 65
github.com/go-xiaohei/pugo/app/model/tree.go:247.28,249.75 2 12
github.com/go-xiaohei/pugo/app/model/tree.go:255.4,255.77 1 11
github.com/go-xiaohei/pugo/app/model/tree.go:261.4,261.25 1 11
github.com/go-xiaohei/pugo/app/model/tree.go:264.4,264.9 1 11
github.com/go-xiaohei/pugo/app/model/tree.go:249.75,253.10 4 1
github.com/go-xiaohei/pugo/app/model/tree.go:255.77,259.10 4 0
github.com/go-xiaohei/pugo/app/model/tree.go:261.25,263.5 1 11
github.com/go-xiaohei/pugo/app/model/tree.go:267.13,277.24 2 19
github.com/go-xiaohei/pugo/app/model/tree.go:289.3,289.40 1 19
github.com/go-xiaohei/pugo/app/model/tree.go:277.24,280.32 3 5
github.com/go-xiaohei/pugo/app/model/tree.go:285.4,285.25 1 5
github.com/go-xiaohei/pugo/app/model/tree.go:280.32,284.5 3 1
github.com/go-xiaohei/pugo/app/model/tree.go:285.25,287.5 1 4
github.com/go-xiaohei/pugo/app/model/tree.go:294.40,295.18 1 93
github.com/go-xiaohei/pugo/app/model/tree.go:298.2,300.21 3 93
github.com/go-xiaohei/pugo/app/model/tree.go:295.18,297.3 1 0
github.com/go-xiaohei/pugo/app/model/comment.go:10.31,12.2 1 3
github.com/go-xiaohei/pugo/app/model/front_matter.go:13.79,16.21 2 4
github.com/go-xiaohei/pugo/app/model/front_matter.go:26.2,26.20 1 2
github.com/go-xiaohei/pugo/app/model/front_matter.go:43.2,43.19 1 2
github.com/go-xiaohei/pugo/app/model/front_matter.go:16.21,18.17 2 3
github.com/go-xiaohei/pugo/app/model/front_matter.go:21.3,21.53 1 2
github.com/go-xiaohei/pugo/app/model/front_matter.go:18.17,20.4 1 1
github.com/go-xiaohei/pugo/app/model/front_matter.go:21.53,23.4 1 1
github.com/go-xiaohei/pugo/app/model/front_matter.go:26.20,28.17 2 1
github.com/go-xiaohei/pugo/app/model/front_matter.go:31.3,31.45 1 1
github.com/go-xiaohei/pugo/app/model/front_matter.go:28.17,30.4 1 0
github.com/go-xiaohei/pugo/app/model/front_matter.go:31.45,33.23 2 2
github.com/go-xiaohei/pugo/app/model/front_matter.go:36.4,37.90 2 1
github.com/go-xiaohei/pugo/app/model/front_matter.go:40.4,40.20 1 1
github.com/go-xiaohei/pugo/app/model/front_matter.go:33.23,34.13 1 1
github.com/go-xiaohei/pugo/app/model/front_matter.go:37.90,39.5 1 0
github.com/go-xiaohei/pugo/app/model/front_matter.go:47.79,50.21 2 4
github.com/go-xiaohei/pugo/app/model/front_matter.go:60.2,60.20 1 2
github.com/go-xiaohei/pugo/app/model/front_matter.go:81.2,81.29 1 2
github.com/go-xiaohei/pugo/app/model/front_matter.go:90.2,90.19 1 2
github.com/go-xiaohei/pugo/app/model/front_matter.go:50.21,52.17 2 3
github.com/go-xiaohei/pugo/app/model/front_matter.go:55.3,55.53 1 2
github.com/go-xiaohei/pugo/app/model/front_matter.go:52.17,54.4 1 1
github.com/go-xiaohei/pugo/app/model/front_matter.go:55.53,57.4 1 1
github.com/go-xiaohei/pugo/app/model/front_matter.go:60.20,62.17 2 1
github.com/go-xiaohei/pugo/app/model/front_matter.go:65.3,65.45 1 1
github.com/go-xiaohei/pugo/app/model/front_matter.go:62.17,64.4 1 0
github.com/go-xiaohei/pugo/app/model/front_matter.go:65.45,67.23 2 3
github.com/go-xiaohei/pugo/app/model/front_matter.go:70.4,70.38 1 2
github.com/go-xiaohei/pugo/app/model/front_matter.go:73.4,74.80 2 1
github.com/go-xiaohei/pugo/app/model/front_matter.go:77.4,77.20 1 1
github.com/go-xiaohei/pugo/app/model/front_matter.go:67.23,68.13 1 1
github.com/go-xiaohei/pugo/app/model/front_matter.go:70.38,71.13 1 1
github.com/go-xiaohei/pugo/app/model/front_matter.go:74.80,76.5 1 0
github.com/go-xiaohei/pugo/app/model/front_matter.go:81.29,82.16 1 3
github.com/go-xiaohei/pugo/app/model/front_matter.go:82.16,84.43 2 1
github.com/go-xiaohei/pugo/app/model/front_matter.go:84.43,86.5 1 0
github.com/go-xiaohei/pugo/app/model/front_matter.go:93.68,95.43 2 3
github.com/go-xiaohei/pugo/app/model/front_matter.go:98.2,99.18 2 3
github.com/go-xiaohei/pugo/app/model/front_matter.go:102.2,103.23 2 3
github.com/go-xiaohei/pugo/app/model/front_matter.go:109.2,109.12 1 3
github.com/go-xiaohei/pugo/app/model/front_matter.go:95.43,97.3 1 0
github.com/go-xiaohei/pugo/app/model/front_matter.go:99.18,101.3 1 3
github.com/go-xiaohei/pugo/app/model/front_matter.go:103.23,105.17 2 1
github.com/go-xiaohei/pugo/app/model/front_matter.go:105.17,107.4 1 0
github.com/go-xiaohei/pugo/app/model/front_matter.go:112.100,115.43 3 2
github.com/go-xiaohei/pugo/app/model/front_matter.go:118.2,119.23 2 2
github.com/go-xiaohei/pugo/app/model/front_matter.go:125.2,126.23 2 2
github.com/go-xiaohei/pugo/app/model/front_matter.go:132.2,132.12 1 2
github.com/go-xiaohei/pugo/app/model/front_matter.go:115.43,117.3 1 0
github.com/go-xiaohei/pugo/app/model/front_matter.go:119.23,121.17 2 1
github.com/go-xiaohei/pugo/app/model/front_matter.go:121.17,123.4 1 0
github.com/go-xiaohei/pugo/app/model/front_matter.go:126.23,128.30 2 2
github.com/go-xiaohei/pugo/app/model/front_matter.go:128.30,130.4 1 2
